[2025-07-06 16:17:18] [INFO    ] discord.client: logging in using static token
[2025-07-06 16:17:18] [DEBUG   ] discord.http: GET https://discord.com/api/v10/users/@me with None has returned 200
[2025-07-06 16:17:18] [DEBUG   ] discord.http: GET /users/@me has found its initial rate limit bucket hash (78bb8553d9352a5a2f89f9def401287a).
[2025-07-06 16:17:18] [DEBUG   ] discord.http: GET https://discord.com/api/v10/users/@me has received {'id': '1391344171452727398', 'username': 'Rulet bot', 'avatar': 'b94d746d3b8a04c725fd181c90fad829', 'discriminator': '5007', 'public_flags': 0, 'flags': 0, 'bot': True, 'banner': None, 'accent_color': None, 'global_name': None, 'avatar_decoration_data': None, 'collectibles': None, 'banner_color': None, 'clan': None, 'primary_guild': None, 'mfa_enabled': True, 'locale': 'en-US', 'premium_type': 0, 'email': None, 'verified': True, 'bio': ''}
[2025-07-06 16:17:18] [DEBUG   ] discord.http: GET https://discord.com/api/v10/oauth2/applications/@me with None has returned 200
[2025-07-06 16:17:18] [DEBUG   ] discord.http: GET /oauth2/applications/@me has found its initial rate limit bucket hash (d28a133af187e91d71d96a223467ce49).
[2025-07-06 16:17:18] [DEBUG   ] discord.http: GET https://discord.com/api/v10/oauth2/applications/@me has received {'id': '1391344171452727398', 'name': 'Rulet bot', 'icon': 'b94d746d3b8a04c725fd181c90fad829', 'description': '', 'type': None, 'bot': {'id': '1391344171452727398', 'username': 'Rulet bot', 'avatar': 'b94d746d3b8a04c725fd181c90fad829', 'discriminator': '5007', 'public_flags': 0, 'flags': 0, 'bot': True, 'banner': None, 'accent_color': None, 'global_name': None, 'avatar_decoration_data': None, 'collectibles': None, 'banner_color': None, 'clan': None, 'primary_guild': None}, 'summary': '', 'is_monetized': False, 'is_verified': False, 'is_discoverable': False, 'bot_public': True, 'bot_require_code_grant': False, 'install_params': {'scopes': ['applications.commands'], 'permissions': '0'}, 'integration_types_config': {'0': {'oauth2_install_params': {'scopes': ['applications.commands'], 'permissions': '0'}}, '1': {'oauth2_install_params': {'scopes': ['applications.commands'], 'permissions': '0'}}}, 'verify_key': '44505a752a19767b2b9c5419bf6f27e2a1461232038d17df6f57781135d11f36', 'flags': 8945664, 'hook': True, 'storefront_available': False, 'redirect_uris': [], 'interactions_endpoint_url': None, 'role_connections_verification_url': None, 'owner': {'id': '709019563890835505', 'username': 'birran237', 'avatar': '14132275f9fdd5ed9c7a65b471cec82c', 'discriminator': '0', 'public_flags': 0, 'flags': 0, 'banner': None, 'accent_color': 16735744, 'global_name': 'Birran237', 'avatar_decoration_data': None, 'collectibles': None, 'banner_color': '#ff5e00', 'clan': None, 'primary_guild': None}, 'approximate_guild_count': 0, 'approximate_user_install_count': 0, 'approximate_user_authorization_count': 0, 'interactions_event_types': [], 'interactions_version': 1, 'explicit_content_filter': 0, 'rpc_application_state': 0, 'store_application_state': 1, 'verification_state': 1, 'integration_public': True, 'integration_require_code_grant': False, 'discoverability_state': 1, 'discovery_eligibility_flags': 2528, 'monetization_state': 1, 'verification_eligibility_flags': 123804, 'monetization_eligibility_flags': 247524, 'team': None, 'internal_guild_restriction': 2, 'approved_consoles': []}
[2025-07-06 16:17:18] [DEBUG   ] discord.gateway: Created websocket connected to wss://gateway.discord.gg/
[2025-07-06 16:17:18] [DEBUG   ] discord.gateway: For Shard ID None: WebSocket Event: {'t': None, 's': None, 'op': 10, 'd': {'heartbeat_interval': 41250, '_trace': ['["gateway-prd-us-east1-d-k60b",{"micros":0.0}]']}}
[2025-07-06 16:17:18] [DEBUG   ] discord.gateway: Shard ID None has sent the IDENTIFY payload.
[2025-07-06 16:17:18] [DEBUG   ] discord.gateway: For Shard ID None: WebSocket Event: {'t': None, 's': None, 'op': 11, 'd': None}
[2025-07-06 16:17:18] [DEBUG   ] discord.gateway: For Shard ID None: WebSocket Event: {'t': 'READY', 's': 1, 'op': 0, 'd': {'v': 10, 'user_settings': {}, 'user': {'verified': True, 'username': 'Rulet bot', 'primary_guild': None, 'mfa_enabled': True, 'id': '1391344171452727398', 'global_name': None, 'flags': 0, 'email': None, 'discriminator': '5007', 'clan': None, 'bot': True, 'avatar': 'b94d746d3b8a04c725fd181c90fad829'}, 'session_type': 'normal', 'session_id': '874ee89c2ce05d3f88f00fa5518cf758', 'resume_gateway_url': 'wss://gateway-us-east1-d.discord.gg', 'relationships': [], 'private_channels': [], 'presences': [], 'guilds': [{'unavailable': True, 'id': '1391420432774729738'}], 'guild_join_requests': [], 'geo_ordered_rtc_regions': ['madrid', 'milan', 'paris', 'frankfurt', 'frankfurt-two'], 'game_relationships': [], 'auth': {}, 'application': {'id': '1391344171452727398', 'flags': 8945664}, '_trace': ['["gateway-prd-us-east1-d-k60b",{"micros":61360,"calls":["id_created",{"micros":491,"calls":[]},"session_lookup_time",{"micros":527,"calls":[]},"session_lookup_finished",{"micros":18,"calls":[]},"discord-sessions-prd-2-75",{"micros":59931,"calls":["start_session",{"micros":58000,"calls":["discord-api-rpc-b7d56974-gpdcb",{"micros":42932,"calls":["get_user",{"micros":5981},"get_guilds",{"micros":5011},"send_scheduled_deletion_message",{"micros":20},"guild_join_requests",{"micros":3},"authorized_ip_coro",{"micros":15},"pending_payments",{"micros":5059},"apex_experiments",{"micros":670},"user_activities",{"micros":4},"played_application_ids",{"micros":5}]}]},"starting_guild_connect",{"micros":61,"calls":[]},"presence_started",{"micros":391,"calls":[]},"guilds_started",{"micros":86,"calls":[]},"lobbies_started",{"micros":1,"calls":[]},"guilds_connect",{"micros":1,"calls":[]},"presence_connect",{"micros":1375,"calls":[]},"connect_finished",{"micros":1379,"calls":[]},"build_ready",{"micros":11,"calls":[]},"clean_ready",{"micros":1,"calls":[]},"optimize_ready",{"micros":0,"calls":[]},"split_ready",{"micros":0,"calls":[]}]}]}]']}}
[2025-07-06 16:17:18] [DEBUG   ] discord.client: Dispatching event socket_event_type
[2025-07-06 16:17:18] [INFO    ] discord.gateway: Shard ID None has connected to Gateway (Session ID: 874ee89c2ce05d3f88f00fa5518cf758).
[2025-07-06 16:17:18] [DEBUG   ] discord.client: Dispatching event connect
[2025-07-06 16:17:18] [DEBUG   ] discord.gateway: For Shard ID None: WebSocket Event: {'t': 'GUILD_CREATE', 's': 2, 'op': 0, 'd': {'guild_scheduled_events': [], 'vanity_url_code': None, 'max_members': 2500000, 'unavailable': False, 'features': [], 'profile': None, 'max_stage_video_channel_users': 50, 'emojis': [], 'banner': None, 'premium_tier': 0, 'id': '1391420432774729738', 'nsfw_level': 0, 'name': 'El servidor de Birran237', 'preferred_locale': 'en-US', 'verification_level': 0, 'system_channel_flags': 0, 'member_count': 2, 'owner_configured_content_level': 0, 'rules_channel_id': None, 'threads': [], 'lazy': True, 'system_channel_id': '1391420433806397555', 'latest_onboarding_question_id': None, 'premium_features': None, 'afk_channel_id': None, 'joined_at': '2025-07-06T14:08:27.295505+00:00', 'stage_instances': [], 'large': False, 'default_message_notifications': 0, 'members': [{'user': {'username': 'Rulet bot', 'public_flags': 0, 'primary_guild': None, 'id': '1391344171452727398', 'global_name': None, 'display_name': None, 'discriminator': '5007', 'collectibles': None, 'bot': True, 'avatar_decoration_data': None, 'avatar': 'b94d746d3b8a04c725fd181c90fad829'}, 'roles': ['1391420536357261486'], 'premium_since': None, 'pending': False, 'nick': None, 'mute': False, 'joined_at': '2025-07-06T14:08:27.295505+00:00', 'flags': 0, 'deaf': False, 'communication_disabled_until': None, 'banner': None, 'avatar': None}], 'description': None, 'home_header': None, 'roles': [{'version': 1751810882756, 'unicode_emoji': None, 'tags': {}, 'position': 0, 'permissions': '2248473465835073', 'name': '@everyone', 'mentionable': False, 'managed': False, 'id': '1391420432774729738', 'icon': None, 'hoist': False, 'flags': 0, 'colors': {'tertiary_color': None, 'secondary_color': None, 'primary_color': 0}, 'color': 0}, {'version': 1751810907274, 'unicode_emoji': None, 'tags': {'bot_id': '1391344171452727398'}, 'position': 1, 'permissions': '1099780065280', 'name': 'Rulet bot', 'mentionable': False, 'managed': True, 'id': '1391420536357261486', 'icon': None, 'hoist': False, 'flags': 0, 'colors': {'tertiary_color': None, 'secondary_color': None, 'primary_color': 0}, 'color': 0}], 'voice_states': [], 'activity_instances': [], 'icon': None, 'max_video_channel_users': 25, 'application_command_counts': {}, 'mfa_level': 0, 'public_updates_channel_id': None, 'application_id': None, 'explicit_content_filter': 0, 'hub_type': None, 'soundboard_sounds': [], 'discovery_splash': None, 'splash': None, 'inventory_settings': None, 'presences': [], 'moderator_reporting': None, 'safety_alerts_channel_id': None, 'embedded_activities': [], 'channels': [{'version': 1751810882764, 'type': 4, 'position': 0, 'permission_overwrites': [], 'name': 'Canales de texto', 'id': '1391420433806397553', 'flags': 0}, {'version': 1751810882767, 'type': 4, 'position': 0, 'permission_overwrites': [], 'name': 'Canales de voz', 'id': '1391420433806397554', 'flags': 0}, {'version': 1751810882778, 'type': 0, 'topic': None, 'rate_limit_per_user': 0, 'position': 0, 'permission_overwrites': [], 'parent_id': '1391420433806397553', 'name': 'general', 'last_message_id': '1391422188086890577', 'id': '1391420433806397555', 'icon_emoji': {'name': 'ðŸ‘‹', 'id': None}, 'flags': 0}, {'version': 1751810882790, 'user_limit': 0, 'type': 2, 'rtc_region': None, 'rate_limit_per_user': 0, 'position': 0, 'permission_overwrites': [], 'parent_id': '1391420433806397554', 'name': 'General', 'last_message_id': None, 'id': '1391420433806397556', 'icon_emoji': {'name': 'ðŸŽ™', 'id': None}, 'flags': 0, 'bitrate': 64000}], 'premium_subscription_count': 0, 'version': 1751810882797, 'stickers': [], 'nsfw': False, 'owner_id': '709019563890835505', 'region': 'deprecated', 'premium_progress_bar_enabled': False, 'incidents_data': None, 'afk_timeout': 300}}
[2025-07-06 16:17:18] [DEBUG   ] discord.client: Dispatching event socket_event_type
[2025-07-06 16:17:19] [DEBUG   ] discord.gateway: For Shard ID None: WebSocket Event: {'t': 'GUILD_MEMBERS_CHUNK', 's': 3, 'op': 0, 'd': {'nonce': '5e0c709aa8c701f11d245588cc7cd08a', 'members': [{'user': {'username': 'birran237', 'public_flags': 0, 'primary_guild': None, 'id': '709019563890835505', 'global_name': 'Birran237', 'display_name': 'Birran237', 'discriminator': '0', 'collectibles': None, 'bot': False, 'avatar_decoration_data': None, 'avatar': '14132275f9fdd5ed9c7a65b471cec82c'}, 'roles': [], 'premium_since': None, 'pending': False, 'nick': None, 'mute': False, 'joined_at': '2025-07-06T14:08:02.549000+00:00', 'flags': 0, 'deaf': False, 'communication_disabled_until': None, 'banner': None, 'avatar': None}, {'user': {'username': 'Rulet bot', 'public_flags': 0, 'primary_guild': None, 'id': '1391344171452727398', 'global_name': None, 'display_name': None, 'discriminator': '5007', 'collectibles': None, 'bot': True, 'avatar_decoration_data': None, 'avatar': 'b94d746d3b8a04c725fd181c90fad829'}, 'roles': ['1391420536357261486'], 'premium_since': None, 'pending': False, 'nick': None, 'mute': False, 'joined_at': '2025-07-06T14:08:27.295505+00:00', 'flags': 0, 'deaf': False, 'communication_disabled_until': None, 'banner': None, 'avatar': None}], 'guild_id': '1391420432774729738', 'chunk_index': 0, 'chunk_count': 1}}
[2025-07-06 16:17:19] [DEBUG   ] discord.client: Dispatching event socket_event_type
[2025-07-06 16:17:19] [DEBUG   ] discord.state: Processed a chunk for 2 members in guild ID 1391420432774729738.
[2025-07-06 16:17:20] [DEBUG   ] discord.client: Dispatching event guild_available
[2025-07-06 16:17:20] [DEBUG   ] discord.client: Dispatching event ready
[2025-07-06 16:17:21] [DEBUG   ] discord.http: PUT https://discord.com/api/v10/applications/1391344171452727398/commands with [{"name":"rulet","description":"Retar a alguine a la rulet","type":1,"options":[{"type":6,"name":"persona","description":"La persona a la que retaras a la rulet","required":true}],"nsfw":false,"dm_permission":true,"default_member_permissions":null,"contexts":null,"integration_types":null}] has returned 200
[2025-07-06 16:17:21] [DEBUG   ] discord.http: PUT /applications/{application_id}/commands has found its initial rate limit bucket hash (3e32a240d3716487d7d8f6dae6c54f6b).
[2025-07-06 16:17:21] [DEBUG   ] discord.http: A rate limit bucket (3e32a240d3716487d7d8f6dae6c54f6b) has been exhausted. Pre-emptively rate limiting...
[2025-07-06 16:17:21] [DEBUG   ] discord.http: PUT https://discord.com/api/v10/applications/1391344171452727398/commands has received [{'id': '1391382724668817492', 'appli[2025-07-06 16:17:40] [DEBUG   ] discord.http: Done sleeping for the rate limit. Retrying...
[2025-07-06 16:17:40] [DEBUG   ] discord.http: PUT https://discord.com/api/v10/applications/1391344171452727398/commands with [{"name":"rulet","description":"Retar a alguine a la rulet","type":1,"options":[{"type":6,"name":"persona","description":"La persona a la que retaras a la rulet","required":true}],"nsfw":false,"dm_permission":true,"default_member_permissions":null,"contexts":null,"integration_types":null}] [2025-07-06 16:17:42] [DEBUG   ] discord.gateway: For Shard ID None: WebSocket Event: {'t': 'INTERACTION_CREATE', 's': 4, 'op': 0, 'd': {'version': 1, 'type': 2, 'token': 'aW50ZXJhY3Rpb246MTM5MTQyMjg2MjM5MjQzMDcxNDp2UWJBSURXWjBZeVl5WGdmTEtFQjFsa3lPUmY4YVh3MnFTRGJPYmhsc0psUXVPaG04TWhGU2ZOYjE3N2JPNHp0RWdJVXFuTGszMk50Zm5JUnlPVENKaGRXdzhZMWg5Z2tTSnMwalROVkxtMVFoODBKU1Radk8xN3FYbDJ4aUREOA', 'member': {'user': {'username': 'birran237', 'public_flags': 0, 'primary_guild': None, 'id': '709019563890835505', 'global_name': 'Birran237', 'discriminator': '0', 'collectibles': None, 'clan': None, 'avatar_decoration_data': None, 'avatar': '14132275f9fdd5ed9c7a65b471cec82c'}, 'unusual_dm_activity_until': None, 'roles': [], 'premium_since': None, 'permissions': '4503599627370495', 'pending': False, 'nick': None, 'mute': False, 'joined_at': '2025-07-06T14:08:02.549000+00:00', 'flags': 0, 'deaf': False, 'communication_disabled_until': None, 'banner': None, 'avatar': None}, 'locale': 'es-ES', 'id': '1391422862392430714', 'guild_locale': 'en-US', 'guild_id': '1391420432774729738', 'guild': {'locale': 'en-US', 'id': '1391420432774729738', 'features': []}, 'entitlements': [], 'entitlement_sku_ids': [], 'data': {'type': 1, 'resolved': {'users': {'1391344171452727398': {'username': 'Rulet bot', 'public_flags': 0, 'primary_guild': None, 'id': '1391344171452727398', 'global_name': None, 'discriminator': '5007', 'collectibles': None, 'clan': None, 'bot': True, 'avatar_decoration_data': None, 'avatar': 'b94d746d3b8a04c725fd181c90fad829'}}, 'members': {'1391344171452727398': {'unusual_dm_activity_until': None, 'roles': ['1391420536357261486'], 'premium_since': None, 'permissions': '2249573245898305', 'pending': False, 'nick': None, 'joined_at': '2025-07-06T14:08:27.295000+00:00', 'flags': 0, 'communication_disabled_until': None, 'banner': None, 'avatar': None}}}, 'options': [{'value': '1391344171452727398', 'type': 6, 'name': 'persona'}], 'name': 'rulet', 'id': '1391382724668817492'}, 'context': 0, 'channel_id': '1391420433806397555', 'channel': {'type': 0, 'topic': None, 'theme_color': None, 'rate_limit_per_user': 0, 'position': 0, 'permissions': '4503599627370495', 'parent_id': '1391420433806397553', 'nsfw': False, 'name': 'general', 'last_message_id': '1391422188086890577', 'id': '1391420433806397555', 'icon_emoji': {'name': 'ðŸ‘‹', 'id': None}, 'guild_id': '1391420432774729738', 'flags': 0}, 'authorizing_integration_owners': {'0': '1391420432774729738'}, 'attachment_size_limit': 10485760, 'application_id': '1391344171452727398', 'app_permissions': '2249573245898305'}}
[2025-07-06 16:17:42] [DEBUG   ] discord.client: Dispatching event socket_event_type
[2025-07-06 16:17:42] [DEBUG   ] discord.client: Dispatching event interaction
[2025-07-06 16:17:42] [DEBUG   ] discord.webhook.async_: Webhook ID 1391422862392430714 with POST https://discord.com/api/v10/interactions/1391422862392430714/aW50ZXJhY3Rpb246MTM5MTQyMjg2MjM5MjQzMDcxNDp2UWJBSURXWjBZeVl5WGdmTEtFQjFsa3lPUmY4YVh3MnFTRGJPYmhsc0psUXVPaG04TWhGU2ZOYjE3N2JPNHp0RWdJVXFuTGszMk50Zm5JUnlPVENKaGRXdzhZMWg5Z2tTSnMwalROVkxtMVFoODBKU1Radk8xN3FYbDJ4aUREOA/callback has returned status code 404
[2025-07-06 16:17:42] [ERROR   ] discord.app_commands.tree: Ignoring exception in command 'rulet'
Traceback (most recent call last):
  File "C:\Users\bielf\PycharmProjects\Ruletbot\.venv\Lib\site-packages\discord\app_commands\commands.py", line 858, in _do_call
    return await self._callback(interaction, **params)  # type: ignore
           ^^^^^^^^^^^^^^^^^^^^^^^^^^^^^^^^^^^^^^^^^^^
  File "C:\Users\bielf\PycharmProjects\Ruletbot\main.py", line 36, in rulet
    await interaction.response.send_message(f"{interaction.user.display_name} ha retado a la rulet a {persona.mention}")
  File "C:\Users\bielf\PycharmProjects\Ruletbot\.venv\Lib\site-packages\discord\interactions.py", line 1004, in send_message
    response = await adapter.create_interaction_response(
               ^^^^^^^^^^^^^^^^^^^^^^^^^^^^^^^^^^^^^^^^^^
    ...<6 lines>...
    )
    ^
  File "C:\Users\bielf\PycharmProjects\Ruletbot\.venv\Lib\site-packages\discord\webhook\async_.py", line 224, in request
    raise NotFound(response, data)
discord.errors.NotFound: 404 Not Found (error code: 10062): Unknown interaction

The above exception was the direct cause of the following exception:

Traceback (most recent call last):
  File "C:\Users\bielf\PycharmProjects\Ruletbot\.venv\Lib\site-packages\discord\app_commands\tree.py", line 1310, in _call
    await command._invoke_with_namespace(interaction, namespace)
  File "C:\Users\bielf\PycharmProjects\Ruletbot\.venv\Lib\site-packages\discord\app_commands\commands.py", line 883, in _invoke_with_namespace
    return await self._do_call(interaction, transformed_values)
           ^^^^^^^^^^^^^^^^^^^^^^^^^^^^^^^^^^^^^^^^^^^^^^^^^^^^
  File "C:\Users\bielf\PycharmProjects\Ruletbot\.venv\Lib\site-packages\discord\app_commands\commands.py", line 876, in _do_call
    raise CommandInvokeError(self, e) from e
discord.app_commands.errors.CommandInvokeError: Command 'rulet' raised an exception: NotFound: 404 Not Found (error code: 10062): Unknown interaction
[2025-07-06 16:17:42] [DEBUG   ] discord.gateway: For Shard ID None: WebSocket Event: {'t': 'MESSAGE_CREATE', 's': 5, 'op': 0, 'd': {'webhook_id': '1391344171452727398', 'type': 20, 'tts': False, 'timestamp': '2025-07-06T14:17:42.142000+00:00', 'position': 0, 'pinned': False, 'nonce': '1391422863549923328', 'mentions': [{'username': 'Rulet bot', 'public_flags': 0, 'primary_guild': None, 'member': {'roles': ['1391420536357261486'], 'premium_since': None, 'pending': False, 'nick': None, 'mute': False, 'joined_at': '2025-07-06T14:08:27.295505+00:00', 'flags': 0, 'deaf': False, 'communication_disabled_until': None, 'banner': None, 'avatar': None}, 'id': '1391344171452727398', 'global_name': None, 'discriminator': '5007', 'collectibles': None, 'clan': None, 'bot': True, 'avatar_decoration_data': None, 'avatar': 'b94d746d3b8a04c725fd181c90fad829'}], 'mention_roles': [], 'mention_everyone': False, 'member': {'roles': ['1391420536357261486'], 'premium_since': None, 'pending': False, 'nick': None, 'mute': False, 'joined_at': '2025-07-06T14:08:27.295505+00:00', 'flags': 0, 'deaf': False, 'communication_disabled_until': None, 'banner': None, 'avatar': None}, 'interaction_metadata': {'user': {'username': 'birran237', 'public_flags': 0, 'primary_guild': None, 'id': '709019563890835505', 'global_name': 'Birran237', 'discriminator': '0', 'collectibles': None, 'clan': None,[2025-07-06 16:17:42] [DEBUG   ] discord.webhook.async_: Webhook ID 1391422862392430714 with POST https://discord.com/api/v10/interactions/1391422862392430714/aW50ZXJhY3Rpb246MTM5MTQyMjg2MjM5MjQzMDcxNDp2UWJBSURXWjBZeVl5WGdmTEtFQjFsa3lPUmY4YVh3MnFTRGJPYmhsc0psUXVPaG04TWhGU2ZOYjE3N2JPNHp0RWdJVXFuTGszMk50Zm5JUnlPVENKaGRXdzhZMWg5Z2tTSnMwalROVkxtMVFoODBKU1Radk8xN3FYbDJ4aUREOA/callback has returned status code 200
[2025-07-06 16:17:44] [ERROR   ] discord.app_commands.tree: Ignoring exception in command 'rulet'
Traceback (most recent call last):
  File "C:\Users\bielf\PycharmProjects\Ruletbot\.venv\Lib\site-packages\discord\app_commands\commands.py", line 858, in _do_call
    return await self._callback(interaction, **params)  # type: ignore
           ^^^^^^^^^^^^^^^^^^^^^^^^^^^^^^^^^^^^^^^^^^^
  File "C:\Users\bielf\PycharmProjects\Ruletbot\main.py", line 37, in rulet
    await time.sleep(2)
TypeError: object NoneType can't be used in 'await' expression

The above exception was the direct cause of the following exception:

Traceback (most recent call last):
  File "C:\Users\bielf\PycharmProjects\Ruletbot\.venv\Lib\site-packages\discord\app_commands\tree.py", line 1310, in _call
    await command._invoke_with_namespace(interaction, namespace)
  File "C:\Users\bielf\PycharmProjects\Ruletbot\.venv\Lib\site-packages\discord\app_commands\commands.py", line 883, in _invoke_with_namespace
    return await self._do_call(interaction, transformed_values)
           ^^^^^^^^^^^^^^^^^^^^^^^^^^^^^^^^^^^^^^^^^^^^^^^^^^^^
  File "C:\Users\bielf\P[2025-07-06 16:18:00] [DEBUG   ] discord.gateway: Keeping shard ID None websocket alive with sequence 5.
[2025-07-06 16:18:00] [DEBUG   ] discord.gateway: For Shard ID None: WebSocket Event: {'t': None, 's': None, 'op': 11, 'd': None}
[2025-07-06 16:18:31] [DEBUG   ] discord.gateway: For Shard ID None: WebSocket Event: {'t': 'INTERACTION_CREATE', 's': 6, 'op': 0, 'd': {'version': 1, 'type': 2, 'token': 'aW50ZXJhY3Rpb246MTM5MTQyMzA2ODM0NTM0MDA3NTo2Q2VxUU5GT3lKMWhueUpYclZjZ1J6R3ZxVXRWZlczS0JDZUhEVUZZT3JwZXF3WW9Pdk5BTkN5Q055QVJWMWxDbE5qSDN2N3RNSjVMNlhiNFJHSHVManhOclNWdGVBYTBQZjQwaDVrSFBXV0czNnlsOWh1UzhSTGZreXRtTDdiVw', 'member': {'user': {'username': 'birran237', 'public_flags': 0, 'primary_guild': None, 'id': '709019563890835505', 'global_name': 'Birran237', 'discriminator': '0', 'collectibles': None, 'clan': None, 'avatar_decoration_data': None, 'avatar': '14132275f9fdd5ed9c7a65b471cec82c'}, 'unusual_dm_activity_until': None, 'roles': [], 'premium_since': None, 'permissions': '4503599627370495', 'pending': False, 'nick': None, 'mute': False, 'joined_at': '2025-07-06T14:08:02.549000+00:00', 'flags': 0, 'deaf': False, 'communication_disabled_until': None, 'banner': None, 'avatar': None}, 'locale': 'es-ES', 'id': '1391423068345340075', 'guild_locale': 'en-US', 'guild_id': '1391420432774729738', 'guild': {'locale': 'en-US', 'id': '1391420432774729738', 'features': []}, 'entitlements': [], 'entitlement_sku_ids': [], 'data': {'type': 1, 'resolved': {'users': {'1391344171452727398': {'username': 'Rulet bot', 'public_flags': 0, 'primary_guild': None, 'id': '1391344171452727398', 'global_name': None, 'discriminator': '5007', 'collectibles': None, 'clan': None, 'bot': True, 'avatar_decoration_data': None, 'avatar': 'b94d746d3b8a04c725fd181c90fad829'}}, 'members': {'1391344171452727398': {'unusual_dm_activity_until': None, 'roles': ['1391420536357261486'], 'premium_since': None, 'permissions': '2249573245898305', 'pending': False, 'nick': None, 'joined_at': '2025-07-06T14:08:27.295000+00:00', 'flags': 0, 'communication_disabled_until': None, 'banner': None, 'avatar': None}}}, 'options': [{'value': '1391344171452727398', 'type': 6, 'name': 'persona'}], 'name': 'rulet', 'id': '1391382724668817492'}, 'context': 0, 'channel_id': '1391420433806397555', 'channel': {'type': 0, 'topic': None, 'theme_color': None, 'rate_limit_per_user': 0, 'position': 0, 'permissions': '4503599627370495', 'parent_id': '1391420433806397553', 'nsfw': False, 'name': 'general', 'last_message_id': '1391422863906705488', 'id': '1391420433806397555', 'icon_emoji': {'name': 'ðŸ‘‹', 'id': None}, 'guild_id': '1391420432774729738', 'flags': 0}, 'authorizing_integration_owners': {'0': '1391420432774729738'}, 'attachment_size_limit': 10485760, 'application_id': '1391344171452727398', 'app_permissions': '2249573245898305'}}
[2025-07-06 16:18:31] [DEBUG   ] discord.client: Dispatching event socket_event_type
[2025-07-06 16:18:31] [DEBUG   ] discord.client: Dispatching event interaction
[2025-07-06 16:18:31] [DEBUG   ] discord.webhook.async_: Webhook ID 1391423068345340075 with POST https://discord.com/api/v10/interactions/1391423068345340075/aW50ZXJhY3Rpb246MTM5MTQyMzA2ODM0NTM0MDA3NTo2Q2VxUU5GT3lKMWhueUpYclZjZ1J6R3ZxVXRWZlczS0JDZUhEVUZZT3JwZXF3WW9Pdk5BTkN5Q055QVJWMWxDbE5qSDN2N3RNSj[2025-07-06 16:18:31] [DEBUG   ] discord.gateway: For Shard ID None: WebSocket Event: {'t': 'MESSAGE_CREATE', 's': 7, 'op': 0, 'd': {'webhook_id': '1391344171452727398', 'type': 20, 'tts': False, 'timestamp': '2025-07-06T14:18:31.165000+00:00', 'position': 0, 'pinned': False, 'nonce': '1391423069569941504', 'mentions': [{'username': 'Rulet bot', 'public_flags': 0, 'primary_guild': None, 'member': {'roles': ['1391420536357261486'], 'premium_since': None, 'pending': False, 'nick': None, 'mute': False, 'joined_at': '2025-07-06T14:08:27.295505+00:00', 'flags': 0, 'deaf': False, 'communication_disabled_until': None, 'banner': None, 'avatar': None}, 'id': '1391344171452727398', 'global_name': None, 'discriminator': '5007', 'collectibles': None, 'clan': None, 'bot': True, 'avatar_decoration_data': None, 'avatar': 'b94d746d3b8a04c725fd181c90fad829'}], 'mention_roles': [], 'mention_everyone': False, 'member': {'roles': ['1391420536357261486'], 'premium_since': None, 'pending': False, 'nick': None, 'mute': False, 'joined_at': '2025-07-06T14:08:27.295505+00:00', 'flags': 0, 'deaf': False, 'communication_disabled_until': None, 'banner': None, 'avatar': None}, 'interaction_metadata': {'user': {'username': 'birran237', 'public_flags': 0, 'primary_guild': None, 'id': '709019563890835505', 'global_name': 'Birran237', 'discriminator': '0', 'collectibles': None, 'clan': None, 'avatar_decoration_data': None, 'avatar': '14132275f9fdd5ed9c7a65b471cec82c'}, 'type': 2, 'name': 'rulet', 'id': '1391423068345340075', 'command_type': 1, 'authorizing_integration_owners': {'0': '1391420432774729738'}}, 'interaction': {'user': {'username': 'birran237', 'public_flags': 0, 'primary_guild': None, 'id': '709019563890835505', 'global_name': 'Birran237', 'discriminator': '0', 'collectibles': None, 'clan': None, 'avatar_decoration_data': None, 'avatar': '14132275f9fdd5ed9c7a65b471cec82c'}, 'type': 2, 'name': 'rulet', 'member': {'roles': [], 'premium_since': None, 'pending': False, 'nick': None, 'mute': False, 'joined_at': '2025-07-06T14:08:02.549000+00:00', 'flags': 0, 'deaf': False, 'communication_disabled_until': None, '[2025-07-06 16:18:31] [DEBUG   ] discord.gateway: For Shard ID None: WebSocket Event: {'t': 'MESSAGE_CREATE', 's': 7, 'op': 0, 'd': {'webhook_id': '1391344171452727398', 'type': 20, 'tts': False, 'timestamp': '2025-07-06T14:18:31.165000+00:00', 'position': 0, 'pinned': False, 'nonce': '1391423069569941504', 'mentions': [{'username': 'Rulet bot', 'public_flags': 0, 'primary_guild': None, 'member': {'roles': ['1391420536357261486'], 'premium_since': None, 'pending': False, 'nick': None, 'mute': False, 'joined_at': '2025-07-06T14:08:27.295505+00:00', 'flags': 0, 'deaf': False, 'communication_disabled_until': None, 'banner': None, 'avatar': None}, 'id': '139134[2025-07-06 16:18:31] [DEBUG   ] discord.client: Dispatching event socket_event_type
[2025-07-06 16:18:31] [DEBUG   ] discord.client: Dispatching event message
[2025-07-06 16:18:31] [DEBUG   ] discord.webhook.async_: Webhook ID 1391423068345340075 with POST https://discord.com/api/v10/interactions/1391423068345340075/aW50ZXJhY3Rpb246MTM5MTQyMzA2ODM0NTM0MDA3NTo2Q2VxUU5GT3lKMWhueUpYclZjZ1J6R3ZxVXRWZlczS0JDZUhEVUZZT3JwZXF3WW9Pdk5BTkN5Q055QVJWMWxDbE5qSDN2N3RNSjVMNlhiNFJHSHVManhOclNWdGVBYTBQZjQwaDVrSFBXV0czNnlsOWh1UzhSTGZreXRtTDdiVw/callback has returned status code 200
[2025-07-06 16:18:33] [ERROR   ] discord.app_commands.tree: Ignoring exception in command 'rulet'
Traceback (most recent call last):
  File "C:\Users\bielf\PycharmProjects\Ruletbot\.venv\Lib\site-packages\discord\app_commands\commands.py", line 858, in _do_call
    return await self._callback(interaction, **params)  # type: ignore
           ^^^^^^^^^^^^^^^^^^^^^^^^^^^^^^^^^^^^^^^^^^^
  File "C:\Users\bielf\PycharmProjects\Ruletbot\main.py", line 37, in rulet
    await time.sleep(2)
TypeError: object NoneType can't be used in 'await' expression

The above exception was the direct cause of the following exception:

Traceback (most recent call last):
  File "C:\Users\bielf\PycharmProjects\Ruletbot\.venv\Lib\site-packages\discord\app_commands\tree.py", line 1310, in _call
    await command._invoke_with_namespace(interaction, namespace)
  File "C:\Users\bielf\PycharmProjects\Ruletbot\.venv\Lib\site-packages\discord\app_commands\commands.py", line 883, in _invoke_with_namespace
    return await self._do_call(interaction, transformed_values)
           ^^^^^^^^^^^^^^^^^^^^^^^^^^^^^^^^^^^^^^^^^^^^^^^^^^^^
  File "C:\Users\bielf\PycharmProjects\Ruletbot\.venv\Lib\site-packages\discord\app_commands\commands.py", line 872, in _do_call
    raise CommandInvokeError(self, e) from e
discord.app_commands.errors.CommandInvokeError: Command 'rulet' raised an exception: TypeError: object NoneType can't be used in 'await' expression
[2025-07-06 16:18:41] [DEBUG   ] discord.gateway: Keeping shard ID None websocket alive with sequence 7.
[2025-07-06 16:18:41] [DEBUG   ] discord.gateway: For Shard ID None: WebSocket Event: {'t': None, 's': None, 'op': 11, 'd': None}
[2025-07-06 16:19:22] [DEBUG   ] discord.gateway: Keeping shard ID None websocket alive with sequence 7.
[2025-07-06 16:19:22] [DEBUG   ] discord.gateway: For Shard ID None: WebSocket Event: {'t': None, 's': None, 'op': 11, 'd': None}
1, 'd': None}
[2025-07-06 16:19:22] [DEBUG   ] discord.gateway: Keeping shard ID None websocket alive with sequence 7.
[2025-07-06 16:19:22] [DEBUG   ] discord.gateway: For Shard ID None: WebSocket Event: {'t': None, 's': None, 'op': 11, 'd': None}
