[2025-07-06 19:43:35] [INFO    ] discord.client: logging in using static token
[2025-07-06 19:43:35] [DEBUG   ] discord.http: GET https://discord.com/api/v10/users/@me with None has returned 200
[2025-07-06 19:43:35] [DEBUG   ] discord.http: GET /users/@me has found its initial rate limit bucket hash (78bb8553d9352a5a2f89f9def401287a).
[2025-07-06 19:43:35] [DEBUG   ] discord.http: GET https://discord.com/api/v10/users/@me has received {'id': '1391344171452727398', 'username': 'Rulet bot', 'avatar': 'b94d746d3b8a04c725fd181c90fad829', 'discriminator': '5007', 'public_flags': 0, 'flags': 0, 'bot': True, 'banner': None, 'accent_color': None, 'global_name': None, 'avatar_decoration_data': None, 'collectibles': None, 'banner_color': None, 'clan': None, 'primary_guild': None, 'mfa_enabled': True, 'locale': 'en-US', 'premium_type': 0, 'email': None, 'verified': True, 'bio': ''}
[2025-07-06 19:43:36] [DEBUG   ] discord.http: GET https://discord.com/api/v10/oauth2/applications/@me with None has returned 200
[2025-07-06 19:43:36] [DEBUG   ] discord.http: GET /oauth2/applications/@me has found its initial rate limit bucket hash (d28a133af187e91d71d96a223467ce49).
[2025-07-06 19:43:36] [DEBUG   ] discord.http: GET https://discord.com/api/v10/oauth2/applications/@me has received {'id': '1391344171452727398', 'name': 'Rulet bot', 'icon': 'b94d746d3b8a04c725fd181c90fad829', 'description': '', 'type': None, 'bot': {'id': '1391344171452727398', 'username': 'Rulet bot', 'avatar': 'b94d746d3b8a04c725fd181c90fad829', 'discriminator': '5007', 'public_flags': 0, 'flags': 0, 'bot': True, 'banner': None, 'accent_color': None, 'global_name': None, 'avatar_decoration_data': None, 'collectibles': None, 'banner_color': None, 'clan': None, 'primary_guild': None}, 'summary': '', 'is_monetized': False, 'is_verified': False, 'is_discoverable': False, 'bot_public': True, 'bot_require_code_grant': False, 'install_params': {'scopes': ['applications.commands'], 'permissions': '0'}, 'integration_types_config': {'0': {'oauth2_install_params': {'scopes': ['applications.commands'], 'permissions': '0'}}, '1': {'oauth2_install_params': {'scopes': ['applications.commands'], 'permissions': '0'}}}, 'verify_key': '44505a752a19767b2b9c5419bf6f27e2a1461232038d17df6f57781135d11f36', 'flags': 8945664, 'hook': True, 'storefront_available': False, 'redirect_uris': [], 'interactions_endpoint_url': None, 'role_connections_verification_url': None, 'owner': {'id': '709019563890835505', 'username': 'birran237', 'avatar': '14132275f9fdd5ed9c7a65b471cec82c', 'discriminator': '0', 'public_flags': 0, 'flags': 0, 'banner': None, 'accent_color': 16735744, 'global_name': 'Birran237', 'avatar_decoration_data': None, 'collectibles': None, 'banner_color': '#ff5e00', 'clan': None, 'primary_guild': None}, 'approximate_guild_count': 0, 'approximate_user_install_count': 0, 'approximate_user_authorization_count': 0, 'interactions_event_types': [], 'interactions_version': 1, 'explicit_content_filter': 0, 'rpc_application_state': 0, 'store_application_state': 1, 'verification_state': 1, 'integration_public': True, 'integration_require_code_grant': False, 'discoverability_state': 1, 'discovery_eligibility_flags': 2528, 'monetization_state': 1, 'verification_eligibility_flags': 123804, 'monetization_eligibility_flags': 247524, 'team': None, 'internal_guild_restriction': 2, 'approved_consoles': []}
[2025-07-06 19:43:36] [DEBUG   ] discord.gateway: Created websocket connected to wss://gateway.discord.gg/
[2025-07-06 19:43:36] [DEBUG   ] discord.gateway: For Shard ID None: WebSocket Event: {'t': None, 's': None, 'op': 10, 'd': {'heartbeat_interval': 41250, '_trace': ['["gateway-prd-us-east1-b-vpfn",{"micros":0.0}]']}}
[2025-07-06 19:43:36] [DEBUG   ] discord.gateway: Shard ID None has sent the IDENTIFY payload.
[2025-07-06 19:43:36] [DEBUG   ] discord.gateway: For Shard ID None: WebSocket Event: {'t': None, 's': None, 'op': 11, 'd': None}
[2025-07-06 19:43:36] [DEBUG   ] discord.gateway: For Shard ID None: WebSocket Event: {'t': 'READY', 's': 1, 'op': 0, 'd': {'v': 10, 'user_settings': {}, 'user': {'verified': True, 'username': 'Rulet bot', 'primary_guild': None, 'mfa_enabled': True, 'id': '1391344171452727398', 'global_name': None, 'flags': 0, 'email': None, 'discriminator': '5007', 'clan': None, 'bot': True, 'avatar': 'b94d746d3b8a04c725fd181c90fad829'}, 'session_type': 'normal', 'session_id': '247cc3fdd50ba879c180651a69065991', 'resume_gateway_url': 'wss://gateway-us-east1-b.discord.gg', 'relationships': [], 'private_channels': [], 'presences': [], 'guilds': [{'unavailable': True, 'id': '1391420432774729738'}], 'guild_join_requests': [], 'geo_ordered_rtc_regions': ['madrid', 'milan', 'paris', 'frankfurt', 'frankfurt-two'], 'game_relationships': [], 'auth': {}, 'application': {'id': '1391344171452727398', 'flags': 8945664}, '_trace': ['["gateway-prd-us-east1-b-vpfn",{"micros":138381,"calls":["id_created",{"micros":551,"calls":[]},"session_lookup_time",{"micros":726,"calls":[]},"session_lookup_finished",{"micros":11,"calls":[]},"discord-sessions-prd-2-19",{"micros":133729,"calls":["start_session",{"micros":122953,"calls":["discord-api-rpc-b7d56974-jz9zl",{"micros":104529,"calls":["get_user",{"micros":9275},"get_guilds",{"micros":2759},"send_scheduled_deletion_message",{"micros":14},"guild_join_requests",{"micros":9},"authorized_ip_coro",{"micros":15},"pending_payments",{"micros":4943},"apex_experiments",{"micros":1070},"user_activities",{"micros":6},"played_application_ids",{"micros":3}]}]},"starting_guild_connect",{"micros":47,"calls":[]},"presence_started",{"micros":7966,"calls":[]},"guilds_started",{"micros":74,"calls":[]},"lobbies_started",{"micros":1,"calls":[]},"guilds_connect",{"micros":1,"calls":[]},"presence_connect",{"micros":2662,"calls":[]},"connect_finished",{"micros":2666,"calls":[]},"build_ready",{"micros":19,"calls":[]},"clean_ready",{"micros":0,"calls":[]},"optimize_ready",{"micros":1,"calls":[]},"split_ready",{"micros":0,"calls":[]}]}]}]']}}
[2025-07-06 19:43:36] [DEBUG   ] discord.client: Dispatching event socket_event_type
[2025-07-06 19:43:36] [INFO    ] discord.gateway: Shard ID None has connected to Gateway (Session ID: 247cc3fdd50ba879c180651a69065991).
[2025-07-06 19:43:36] [DEBUG   ] discord.client: Dispatching event connect
[2025-07-06 19:43:36] [DEBUG   ] discord.gateway: For Shard ID None: WebSocket Event: {'t': 'GUILD_CREATE', 's': 2, 'op': 0, 'd': {'max_video_channel_users': 25, 'safety_alerts_channel_id': None, 'member_count': 2, 'region': 'deprecated', 'profile': None, 'discovery_splash': None, 'rules_channel_id': None, 'features': [], 'explicit_content_filter': 0, 'voice_states': [], 'public_updates_channel_id': None, 'members': [{'user': {'username': 'Rulet bot', 'public_flags': 0, 'primary_guild': None, 'id': '1391344171452727398', 'global_name': None, 'display_name': None, 'discriminator': '5007', 'collectibles': None, 'bot': True, 'avatar_decoration_data': None, 'avatar': 'b94d746d3b8a04c725fd181c90fad829'}, 'roles': ['1391420536357261486'], 'premium_since': None, 'pending': False, 'nick': None, 'mute': False, 'joined_at': '2025-07-06T14:08:27.295505+00:00', 'flags': 0, 'deaf': False, 'communication_disabled_until': None, 'banner': None, 'avatar': None}], 'mfa_level': 0, 'max_stage_video_channel_users': 50, 'stickers': [], 'id': '1391420432774729738', 'embedded_activities': [], 'name': 'El servidor de Birran237', 'soundboard_sounds': [], 'owner_configured_content_level': 0, 'unavailable': False, 'large': False, 'system_channel_flags': 0, 'joined_at': '2025-07-06T14:08:27.295505+00:00', 'premium_tier': 0, 'hub_type': None, 'threads': [], 'preferred_locale': 'en-US', 'verification_level': 0, 'home_header': None, 'premium_features': None, 'max_members': 2500000, 'inventory_settings': None, 'description': None, 'system_channel_id': '1391420433806397555', 'banner': None, 'application_command_counts': {}, 'activity_instances': [], 'presences': [], 'nsfw_level': 0, 'splash': None, 'moderator_reporting': None, 'stage_instances': [], 'application_id': None, 'incidents_data': None, 'lazy': True, 'guild_scheduled_events': [], 'owner_id': '709019563890835505', 'latest_onboarding_question_id': None, 'icon': None, 'afk_timeout': 300, 'premium_progress_bar_enabled': False, 'vanity_url_code': None, 'default_message_notifications': 0, 'version': 1751810882797, 'channels': [{'version': 1751810882764, 'type': 4, 'position': 0, 'permission_overwrites': [], 'name': 'Canales de texto', 'id': '1391420433806397553', 'flags': 0}, {'version': 1751810882767, 'type': 4, 'position': 0, 'permission_overwrites': [], 'name': 'Canales de voz', 'id': '1391420433806397554', 'flags': 0}, {'version': 1751810882778, 'type': 0, 'topic': None, 'rate_limit_per_user': 0, 'position': 0, 'permission_overwrites': [], 'parent_id': '1391420433806397553', 'name': 'general', 'last_message_id': '1391474620934389834', 'id': '1391420433806397555', 'icon_emoji': {'name': 'ðŸ‘‹', 'id': None}, 'flags': 0}, {'version': 1751810882790, 'user_limit': 0, 'type': 2, 'rtc_region': None, 'rate_limit_per_user': 0, 'position': 0, 'permission_overwrites': [], 'parent_id': '1391420433806397554', 'name': 'General', 'last_message_id': None, 'id': '1391420433806397556', 'icon_emoji': {'name': 'ðŸŽ™', 'id': None}, 'flags': 0, 'bitrate': 64000}], 'emojis': [], 'premium_subscription_count': 0, 'nsfw': False, 'roles': [{'version': 1751810882756, 'unicode_emoji': None, 'tags': {}, 'position': 0, 'permissions': '2248473465835073', 'name': '@everyone', 'mentionable': False, 'managed': False, 'id': '1391420432774729738', 'icon': None, 'hoist': False, 'flags': 0, 'colors': {'tertiary_color': None, 'secondary_color': None, 'primary_color': 0}, 'color': 0}, {'version': 1751810907274, 'unicode_emoji': None, 'tags': {'bot_id': '1391344171452727398'}, 'position': 1, 'permissions': '1099780065280', 'name': 'Rulet bot', 'mentionable': False, 'managed': True, 'id': '1391420536357261486', 'icon': None, 'hoist': False, 'flags': 0, 'colors': {'tertiary_color': None, 'secondary_color': None, 'primary_color': 0}, 'color': 0}], 'afk_channel_id': None}}
[2025-07-06 19:43:36] [DEBUG   ] discord.client: Dispatching event socket_event_type
[2025-07-06 19:43:36] [DEBUG   ] discord.gateway: For Shard ID None: WebSocket Event: {'t': 'GUILD_MEMBERS_CHUNK', 's': 3, 'op': 0, 'd': {'nonce': '657514333cd101760cec42d73afe7550', 'members': [{'user': {'username': 'birran237', 'public_flags': 0, 'primary_guild': None, 'id': '709019563890835505', 'global_name': 'Birran237', 'display_name': 'Birran237', 'discriminator': '0', 'collectibles': None, 'bot': False, 'avatar_decoration_data': None, 'avatar': '14132275f9fdd5ed9c7a65b471cec82c'}, 'roles': [], 'premium_since': None, 'pending': False, 'nick': None, 'mute': False, 'joined_at': '2025-07-06T14:08:02.549000+00:00', 'flags': 0, 'deaf': False, 'communication_disabled_until': None, 'banner': None, 'avatar': None}, {'user': {'username': 'Rulet bot', 'public_flags': 0, 'primary_guild': None, 'id': '1391344171452727398', 'global_name': None, 'display_name': None, 'discriminator': '5007', 'collectibles': None, 'bot': True, 'avatar_decoration_data': None, 'avatar': 'b94d746d3b8a04c725fd181c90fad829'}, 'roles': ['1391420536357261486'], 'premium_since': None, 'pending': False, 'nick': None, 'mute': False, 'joined_at': '2025-07-06T14:08:27.295505+00:00', 'flags': 0, 'deaf': False, 'communication_disabled_until': None, 'banner': None, 'avatar': None}], 'guild_id': '1391420432774729738', 'chunk_index': 0, 'chunk_count': 1}}
[2025-07-06 19:43:36] [DEBUG   ] discord.client: Dispatching event socket_event_type
[2025-07-06 19:43:36] [DEBUG   ] discord.state: Processed a chunk for 2 members in guild ID 1391420432774729738.
[2025-07-06 19:43:38] [DEBUG   ] discord.client: Dispatching event guild_available
[2025-07-06 19:43:38] [DEBUG   ] discord.client: Dispatching event ready
[2025-07-06 19:43:38] [DEBUG   ] discord.http: PUT https://discord.com/api/v10/applications/1391344171452727398/commands with [{"name":"rulet","description":"Retar a alguine a la rulet","type":1,"options":[{"type":6,"name":"persona","description":"La persona a la que retaras a la rulet","required":true}],"nsfw":false,"dm_permission":true,"default_member_permissions":null,"contexts":null,"integration_types":null}] has returned 200
[2025-07-06 19:43:38] [DEBUG   ] discord.http: PUT /applications/{application_id}/commands has found its initial rate limit bucket hash (3e32a240d3716487d7d8f6dae6c54f6b).
[2025-07-06 19:43:38] [DEBUG   ] discord.http: PUT https://discord.com/api/v10/applications/1391344171452727398/commands has received [{'id': '1391382724668817492', 'application_id': '1391344171452727398', 'version': '1391382724668817493', 'default_member_permissions': None, 'type': 1, 'name': 'rulet', 'name_localizations': None, 'description': 'Retar a alguine a la rulet', 'description_localizations': None, 'dm_permission': True, 'contexts': None, 'integration_types': [0, 1], 'options': [{'type': 6, 'name': 'persona', 'name_localizations': None, 'description': 'La persona a la que retaras a la rulet', 'description_localizations': None, 'required': True}], 'nsfw': False}]
[2025-07-06 19:43:44] [DEBUG   ] discord.gateway: For Shard ID None: WebSocket Event: {'t': 'INTERACTION_CREATE', 's': 4, 'op': 0, 'd': {'version': 1, 'type': 2, 'token': 'aW50ZXJhY3Rpb246MTM5MTQ3NDcxNDU4NDgwOTUwMjpIM29lcE40WjRPSExpRkdwcDduSXhUMjZnUnNMTVhmS3oxMXJJc2lYY2tYMUc1bEdvQ0o1eXlPSHBubXNCYnBDUEhsR0lGNWR6dzQ3alJxbXptbE9VWTFwZDBmR25paWlFSm85a012RU55YnA2a3dvM0drZkMzeGZkbTR3TnBZUg', 'member': {'user': {'username': 'birran237', 'public_flags': 0, 'primary_guild': None, 'id': '709019563890835505', 'global_name': 'Birran237', 'discriminator': '0', 'collectibles': None, 'clan': None, 'avatar_decoration_data': None, 'avatar': '14132275f9fdd5ed9c7a65b471cec82c'}, 'unusual_dm_activity_until': None, 'roles': [], 'premium_since': None, 'permissions': '4503599627370495', 'pending': False, 'nick': None, 'mute': False, 'joined_at': '2025-07-06T14:08:02.549000+00:00', 'flags': 0, 'deaf': False, 'communication_disabled_until': None, 'banner': None, 'avatar': None}, 'locale': 'es-ES', 'id': '1391474714584809502', 'guild_locale': 'en-US', 'guild_id': '1391420432774729738', 'guild': {'locale': 'en-US', 'id': '1391420432774729738', 'features': []}, 'entitlements': [], 'entitlement_sku_ids': [], 'data': {'type': 1, 'resolved': {'users': {'1391344171452727398': {'username': 'Rulet bot', 'public_flags': 0, 'primary_guild': None, 'id': '1391344171452727398', 'global_name': None, 'discriminator': '5007', 'collectibles': None, 'clan': None, 'bot': True, 'avatar_decoration_data': None, 'avatar': 'b94d746d3b8a04c725fd181c90fad829'}}, 'members': {'1391344171452727398': {'unusual_dm_activity_until': None, 'roles': ['1391420536357261486'], 'premium_since': None, 'permissions': '2249573245898305', 'pending': False, 'nick': None, 'joined_at': '2025-07-06T14:08:27.295000+00:00', 'flags': 0, 'communication_disabled_until': None, 'banner': None, 'avatar': None}}}, 'options': [{'value': '1391344171452727398', 'type': 6, 'name': 'persona'}], 'name': 'rulet', 'id': '1391382724668817492'}, 'context': 0, 'channel_id': '1391420433806397555', 'channel': {'type': 0, 'topic': None, 'theme_color': None, 'rate_limit_per_user': 0, 'position': 0, 'permissions': '4503599627370495', 'parent_id': '1391420433806397553', 'nsfw': False, 'name': 'general', 'last_message_id': '1391474620934389834', 'id': '1391420433806397555', 'icon_emoji': {'name': 'ðŸ‘‹', 'id': None}, 'guild_id': '1391420432774729738', 'flags': 0}, 'authorizing_integration_owners': {'0': '1391420432774729738'}, 'attachment_size_limit': 10485760, 'application_id': '1391344171452727398', 'app_permissions': '2249573245898305'}}
[2025-07-06 19:43:44] [DEBUG   ] discord.client: Dispatching event socket_event_type
[2025-07-06 19:43:44] [DEBUG   ] discord.client: Dispatching event interaction
[2025-07-06 19:43:44] [DEBUG   ] discord.webhook.async_: Webhook ID 1391474714584809502 with POST https://discord.com/api/v10/interactions/1391474714584809502/aW50ZXJhY3Rpb246MTM5MTQ3NDcxNDU4NDgwOTUwMjpIM29lcE40WjRPSExpRkdwcDduSXhUMjZnUnNMTVhmS3oxMXJJc2lYY2tYMUc1bEdvQ0o1eXlPSHBubXNCYnBDUEhsR0lGNWR6dzQ3alJxbXptbE9VWTFwZDBmR25paWlFSm85a012RU55YnA2a3dvM0drZkMzeGZkbTR3TnBZUg/callback has returned status code 404
[2025-07-06 19:43:44] [ERROR   ] discord.app_commands.tree: Ignoring exception in command 'rulet'
Traceback (most recent call last):
  File "C:\Users\bielf\PycharmProjects\Ruletbot\.venv\Lib\site-packages\discord\app_commands\commands.py", line 858, in _do_call
    return await self._callback(interaction, **params)  # type: ignore
           ^^^^^^^^^^^^^^^^^^^^^^^^^^^^^^^^^^^^^^^^^^^
  File "C:\Users\bielf\PycharmProjects\Ruletbot\main.py", line 34, in rulet
    await interaction.response.send_message(f"{interaction.user.display_name} ha retado a la rulet a {persona.mention}")
  File "C:\Users\bielf\PycharmProjects\Ruletbot\.venv\Lib\site-packages\discord\interactions.py", line 1004, in send_message
    response = await adapter.create_interaction_response(
               ^^^^^^^^^^^^^^^^^^^^^^^^^^^^^^^^^^^^^^^^^^
    ...<6 lines>...
    )
    ^
  File "C:\Users\bielf\PycharmProjects\Ruletbot\.venv\Lib\site-packages\discord\webhook\async_.py", line 224, in request
    raise NotFound(response, data)
discord.errors.NotFound: 404 Not Found (error code: 10062): Unknown interaction

The above exception was the direct cause of the following exception:

Traceback (most recent call last):
  File "C:\Users\bielf\PycharmProjects\Ruletbot\.venv\Lib\site-packages\discord\app_commands\tree.py", line 1310, in _call
    await command._invoke_with_namespace(interaction, namespace)
  File "C:\Users\bielf\PycharmProjects\Ruletbot\.venv\Lib\site-packages\discord\app_commands\commands.py", line 883, in _invoke_with_namespace
    return await self._do_call(interaction, transformed_values)
           ^^^^^^^^^^^^^^^^^^^^^^^^^^^^^^^^^^^^^^^^^^^^^^^^^^^^
  File "C:\Users\bielf\PycharmProjects\Ruletbot\.venv\Lib\site-packages\discord\app_commands\commands.py", line 876, in _do_call
    raise CommandInvokeError(self, e) from e
discord.app_commands.errors.CommandInvokeError: Command 'rulet' raised an exception: NotFound: 404 Not Found (error code: 10062): Unknown interaction
[2025-07-06 19:43:44] [DEBUG   ] discord.gateway: For Shard ID None: WebSocket Event: {'t': 'MESSAGE_CREATE', 's': 5, 'op': 0, 'd': {'webhook_id': '1391344171452727398', 'type': 20, 'tts': False, 'timestamp': '2025-07-06T17:43:44.518000+00:00', 'position': 0, 'pinned': False, 'nonce': '1391474714894925824', 'mentions': [{'username': 'Rulet bot', 'public_flags': 0, 'primary_guild': None, 'member': {'roles': ['1391420536357261486'], 'premium_since': None, 'pending': False, 'nick': None, 'mute': False, 'joined_at': '2025-07-06T14:08:27.295505+00:00', 'flags': 0, 'deaf': False, 'communication_disabled_until': None, 'banner': None, 'avatar': None}, 'id': '1391344171452727398', 'global_name': None, 'discriminator': '5007', 'collectibles': None, 'clan': None, 'bot': True, 'avatar_decoration_data': None, 'avatar': 'b94d746d3b8a04c725fd181c90fad829'}], 'mention_roles': [], 'mention_everyone': False, 'member': {'roles': ['1391420536357261486'], 'premium_since': None, 'pending': False, 'nick': None, 'mute': False, 'joined_at': '2025-07-06T14:08:27.295505+00:00', 'flags': 0, 'deaf': False, 'communication_disabled_until': None, 'banner': None, 'avatar': None}, 'interaction_metadata': {'user': {'username': 'birran237', 'public_flags': 0, 'primary_guild': None, 'id': '709019563890835505', 'global_name': 'Birran237', 'discriminator': '0', 'collectibles': None, 'clan': None, 'avatar_decoration_data': None, 'avatar': '14132275f9fdd5ed9c7a65b471cec82c'}, 'type': 2, 'name': 'rulet', 'id': '1391474714584809502', 'command_type': 1, 'authorizing_integration_owners': {'0': '1391420432774729738'}}, 'interaction': {'user': {'username': 'birran237', 'public_flags': 0, 'primary_guild': None, 'id': '709019563890835505', 'global_name': 'Birran237', 'discriminator': '0', 'collectibles': None, 'clan': None, 'avatar_decoration_data': None, 'avatar': '14132275f9fdd5ed9c7a65b471cec82c'}, 'type': 2, 'name': 'rulet', 'member': {'roles': [], 'premium_since': None, 'pending': False, 'nick': None, 'mute': False, 'joined_at': '2025-07-06T14:08:02.549000+00:00', 'flags': 0, 'deaf': False, 'communication_disabled_until': None, 'banner': None, 'avatar': None}, 'id': '1391474714584809502'}, 'id': '1391474715469807636', 'flags': 0, 'embeds': [], 'edited_timestamp': None, 'content': 'Birran237 ha retado a la rulet a <@1391344171452727398>', 'components': [], 'channel_type': 0, 'channel_id': '1391420433806397555', 'author': {'username': 'Rulet bot', 'public_flags': 0, 'primary_guild': None, 'id': '1391344171452727398', 'global_name': None, 'discriminator': '5007', 'collectibles': None, 'clan': None, 'bot': True, 'avatar_decoration_data': None, 'avatar': 'b94d746d3b8a04c725fd181c90fad829'}, 'attachments': [], 'application_id': '1391344171452727398', 'guild_id': '1391420432774729738'}}
[2025-07-06 19:43:44] [DEBUG   ] discord.client: Dispatching event socket_event_type
[2025-07-06 19:43:44] [DEBUG   ] discord.client: Dispatching event message
[2025-07-06 19:43:47] [DEBUG   ] discord.gateway: For Shard ID None: WebSocket Event: {'t': 'MESSAGE_CREATE', 's': 6, 'op': 0, 'd': {'webhook_id': '1391344171452727398', 'type': 19, 'tts': False, 'timestamp': '2025-07-06T17:43:46.860000+00:00', 'position': 0, 'pinned': False, 'message_reference': {'type': 0, 'message_id': '1391474715469807636', 'guild_id': '1391420432774729738', 'channel_id': '1391420433806397555'}, 'mentions': [], 'mention_roles': [], 'mention_everyone': False, 'member': {'roles': ['1391420536357261486'], 'premium_since': None, 'pending': False, 'nick': None, 'mute': False, 'joined_at': '2025-07-06T14:08:27.295505+00:00', 'flags': 0, 'deaf': False, 'communication_disabled_until': None, 'banner': None, 'avatar': None}, 'interaction_metadata': {'user': {'username': 'birran237', 'public_flags': 0, 'primary_guild': None, 'id': '709019563890835505', 'global_name': 'Birran237', 'discriminator': '0', 'collectibles': None, 'clan': None, 'avatar_decoration_data': None, 'avatar': '14132275f9fdd5ed9c7a65b471cec82c'}, 'type': 2, 'original_response_message_id': '1391474715469807636', 'name': 'rulet', 'id': '1391474714584809502', 'command_type': 1, 'authorizing_integration_owners': {'0': '1391420432774729738'}}, 'id': '1391474725292609548', 'flags': 0, 'embeds': [], 'edited_timestamp': None, 'content': 'Birran237 eres sumamente imbÃ©cil', 'components': [], 'channel_type': 0, 'channel_id': '1391420433806397555', 'author': {'username': 'Rulet bot', 'public_flags': 0, 'primary_guild': None, 'id': '1391344171452727398', 'global_name': None, 'discriminator': '5007', 'collectibles': None, 'clan': None, 'bot': True, 'avatar_decoration_data': None, 'avatar': 'b94d746d3b8a04c725fd181c90fad829'}, 'attachments': [], 'application_id': '1391344171452727398', 'guild_id': '1391420432774729738'}}
[2025-07-06 19:43:47] [DEBUG   ] discord.client: Dispatching event socket_event_type
[2025-07-06 19:43:47] [DEBUG   ] discord.client: Dispatching event message
[2025-07-06 19:44:17] [DEBUG   ] discord.gateway: Keeping shard ID None websocket alive with sequence 6.
[2025-07-06 19:44:17] [DEBUG   ] discord.gateway: For Shard ID None: WebSocket Event: {'t': None, 's': None, 'op': 11, 'd': None}
[2025-07-06 19:44:58] [DEBUG   ] discord.gateway: Keeping shard ID None websocket alive with sequence 6.
[2025-07-06 19:44:58] [DEBUG   ] discord.gateway: For Shard ID None: WebSocket Event: {'t': None, 's': None, 'op': 11, 'd': None}
